<?xml version="1.0" encoding="UTF-8"?>
<testsuite name="SmileyfaceShould" tests="1" skipped="0" failures="0" errors="0" timestamp="2020-04-23T17:53:27" hostname="MacBook-Air-de-Araceli.local" time="0.165">
  <properties/>
  <testcase name="not_allow_building_without_eyes()" classname="SmileyfaceShould" time="0.165"/>
  <system-out><![CDATA[]]></system-out>
  <system-err><![CDATA[]]></system-err>
</testsuite>
