<?xml version="1.0" encoding="UTF-8"?>
<testsuite name="SmileyfaceShould" tests="2" skipped="0" failures="0" errors="0" timestamp="2020-04-23T18:38:48" hostname="hemwick" time="0.017">
  <properties/>
  <testcase name="not_allow_building_with_invalid_eyes()" classname="SmileyfaceShould" time="0.014"/>
  <testcase name="not_allow_building_without_eyes()" classname="SmileyfaceShould" time="0.001"/>
  <system-out><![CDATA[]]></system-out>
  <system-err><![CDATA[]]></system-err>
</testsuite>
